<?xml version="1.0" encoding="UTF-8"?>
<testsuite name="PushDownTest" tests="5" skipped="0" failures="0" errors="0" timestamp="2024-03-20T18:03:30" hostname="Serizes-MacBook-Pro.local" time="2.113">
  <properties/>
  <testcase name="catClassTest()" classname="PushDownTest" time="0.185"/>
  <testcase name="animalClassTest()" classname="PushDownTest" time="0.001"/>
  <testcase name="dogClassTest()" classname="PushDownTest" time="0.003"/>
  <testcase name="testPushDownBarkMethod()" classname="PushDownTest" time="1.842"/>
  <testcase name="testPushDownMeowMethod()" classname="PushDownTest" time="0.08"/>
  <system-out><![CDATA[]]></system-out>
  <system-err><![CDATA[]]></system-err>
</testsuite>
