<?xml version="1.0" encoding="UTF-8"?>
<testsuite name="MiddleManTest" tests="2" skipped="0" failures="0" errors="0" timestamp="2024-03-20T19:01:18" hostname="Serizes-MacBook-Pro.local" time="2.017">
  <properties/>
  <testcase name="testMethodCallExists()" classname="MiddleManTest" time="1.932"/>
  <testcase name="testMiddleManClassRemoved()" classname="MiddleManTest" time="0.085"/>
  <system-out><![CDATA[]]></system-out>
  <system-err><![CDATA[]]></system-err>
</testsuite>
