<?xml version="1.0" encoding="UTF-8"?>
<testsuite name="InliningTest" tests="2" skipped="0" failures="0" errors="0" timestamp="2024-03-20T18:52:53" hostname="Serizes-MacBook-Pro.local" time="2.046">
  <properties/>
  <testcase name="testExpressionCallIsReplacedByItsBody()" classname="InliningTest" time="1.942"/>
  <testcase name="testDeletedVariablesAndMethods()" classname="InliningTest" time="0.103"/>
  <system-out><![CDATA[]]></system-out>
  <system-err><![CDATA[]]></system-err>
</testsuite>
