<?xml version="1.0" encoding="UTF-8"?>
<testsuite name="IdentifyIssuesInCodeSnippetTest" tests="2" skipped="0" failures="0" errors="0" timestamp="2024-03-20T16:49:14" hostname="Serizes-MacBook-Pro.local" time="3.109">
  <properties/>
  <testcase name="testMethodAndParametersRenamed()" classname="IdentifyIssuesInCodeSnippetTest" time="3.052"/>
  <testcase name="testRedundantVariablesRemoved()" classname="IdentifyIssuesInCodeSnippetTest" time="0.057"/>
  <system-out><![CDATA[]]></system-out>
  <system-err><![CDATA[]]></system-err>
</testsuite>
