<?xml version="1.0" encoding="UTF-8"?>
<testsuite name="InliningVariableTest" tests="1" skipped="0" failures="0" errors="0" timestamp="2024-03-20T18:48:48" hostname="Serizes-MacBook-Pro.local" time="2.415">
  <properties/>
  <testcase name="testVariablesInlined()" classname="InliningVariableTest" time="2.415"/>
  <system-out><![CDATA[]]></system-out>
  <system-err><![CDATA[]]></system-err>
</testsuite>
