<?xml version="1.0" encoding="UTF-8"?>
<testsuite name="ReformatCodeBasedOnEditorConfigSettingsTest" tests="1" skipped="0" failures="0" errors="0" timestamp="2024-03-20T17:21:42" hostname="Serizes-MacBook-Pro.local" time="2.673">
  <properties/>
  <testcase name="testSolutionIsFormattedAccordingToEditorConfigSettings()" classname="ReformatCodeBasedOnEditorConfigSettingsTest" time="2.673"/>
  <system-out><![CDATA[]]></system-out>
  <system-err><![CDATA[]]></system-err>
</testsuite>
