<?xml version="1.0" encoding="UTF-8"?>
<testsuite name="RenamingTest" tests="3" skipped="0" failures="0" errors="0" timestamp="2024-03-20T17:31:24" hostname="Serizes-MacBook-Pro.local" time="2.609">
  <properties/>
  <testcase name="testRenamingMethodNames()" classname="RenamingTest" time="2.533"/>
  <testcase name="studentClassTest()" classname="RenamingTest" time="0.016"/>
  <testcase name="test()" classname="RenamingTest" time="0.058"/>
  <system-out><![CDATA[]]></system-out>
  <system-err><![CDATA[]]></system-err>
</testsuite>
