<?xml version="1.0" encoding="UTF-8"?>
<testsuite name="FactoryMethodPatternTest" tests="2" skipped="0" failures="0" errors="0" timestamp="2024-03-20T20:05:57" hostname="Serizes-MacBook-Pro.local" time="2.203">
  <properties/>
  <testcase name="testAddedInvocationOfGetTransportationMethodInMainMethod()" classname="FactoryMethodPatternTest" time="2.191"/>
  <testcase name="transportationServiceFactoryClassTest()" classname="FactoryMethodPatternTest" time="0.011"/>
  <system-out><![CDATA[]]></system-out>
  <system-err><![CDATA[]]></system-err>
</testsuite>
