<?xml version="1.0" encoding="UTF-8"?>
<testsuite name="FacadePatternTest" tests="1" skipped="0" failures="0" errors="0" timestamp="2024-03-20T19:30:31" hostname="Serizes-MacBook-Pro.local" time="2.696">
  <properties/>
  <testcase name="videoConversionFacadeClassTest()" classname="FacadePatternTest" time="2.696"/>
  <system-out><![CDATA[]]></system-out>
  <system-err><![CDATA[]]></system-err>
</testsuite>
